<?xml version="1.0" encoding="UTF-8"?>
<testsuite name="ie.flexx.jackanory.tests.UserStoryRequirementImplIntegrationTest" time="31.701" tests="6" errors="4" skipped="0" failures="0">
  <properties>
    <property name="idea.version" value="2018.2.5"/>
    <property name="java.runtime.name" value="Java(TM) SE Runtime Environment"/>
    <property name="sun.boot.library.path" value="/usr/lib/jvm/java-8-oracle/jre/lib/amd64"/>
    <property name="java.vm.version" value="25.191-b12"/>
    <property name="java.vm.vendor" value="Oracle Corporation"/>
    <property name="maven.multiModuleProjectDirectory" value="/home/mavit/Documents/Teste e outros/Flexx/JavaDeveloper/jackanory"/>
    <property name="java.vendor.url" value="http://java.oracle.com/"/>
    <property name="path.separator" value=":"/>
    <property name="guice.disable.misplaced.annotation.check" value="true"/>
    <property name="java.vm.name" value="Java HotSpot(TM) 64-Bit Server VM"/>
    <property name="file.encoding.pkg" value="sun.io"/>
    <property name="user.country" value="IE"/>
    <property name="sun.java.launcher" value="SUN_STANDARD"/>
    <property name="sun.os.patch.level" value="unknown"/>
    <property name="java.vm.specification.name" value="Java Virtual Machine Specification"/>
    <property name="user.dir" value="/home/mavit/Documents/Teste e outros/Flexx/JavaDeveloper/jackanory"/>
    <property name="java.runtime.version" value="1.8.0_191-b12"/>
    <property name="java.awt.graphicsenv" value="sun.awt.X11GraphicsEnvironment"/>
    <property name="java.endorsed.dirs" value="/usr/lib/jvm/java-8-oracle/jre/lib/endorsed"/>
    <property name="os.arch" value="amd64"/>
    <property name="java.io.tmpdir" value="/tmp"/>
    <property name="line.separator" value="&#10;"/>
    <property name="java.vm.specification.vendor" value="Oracle Corporation"/>
    <property name="os.name" value="Linux"/>
    <property name="classworlds.conf" value="/home/mavit/Tools/IntelliJ/idea-IC-182.4892.20/plugins/maven/lib/maven3/bin/m2.conf"/>
    <property name="sun.jnu.encoding" value="UTF-8"/>
    <property name="java.library.path" value="/usr/java/packages/lib/amd64:/usr/lib64:/lib64:/lib:/usr/lib"/>
    <property name="java.specification.name" value="Java Platform API Specification"/>
    <property name="java.class.version" value="52.0"/>
    <property name="sun.management.compiler" value="HotSpot 64-Bit Tiered Compilers"/>
    <property name="os.version" value="4.10.0-38-generic"/>
    <property name="user.home" value="/home/mavit"/>
    <property name="user.timezone" value="Europe/Dublin"/>
    <property name="java.awt.printerjob" value="sun.print.PSPrinterJob"/>
    <property name="java.specification.version" value="1.8"/>
    <property name="file.encoding" value="UTF-8"/>
    <property name="user.name" value="mavit"/>
    <property name="java.class.path" value="/home/mavit/Tools/IntelliJ/idea-IC-182.4892.20/plugins/maven/lib/maven3/boot/plexus-classworlds-2.5.2.jar:/home/mavit/Tools/IntelliJ/idea-IC-182.4892.20/lib/idea_rt.jar"/>
    <property name="java.vm.specification.version" value="1.8"/>
    <property name="sun.arch.data.model" value="64"/>
    <property name="java.home" value="/usr/lib/jvm/java-8-oracle/jre"/>
    <property name="sun.java.command" value="org.codehaus.classworlds.Launcher -Didea.version=2018.2.5 test"/>
    <property name="java.specification.vendor" value="Oracle Corporation"/>
    <property name="user.language" value="en"/>
    <property name="awt.toolkit" value="sun.awt.X11.XToolkit"/>
    <property name="java.vm.info" value="mixed mode"/>
    <property name="java.version" value="1.8.0_191"/>
    <property name="java.ext.dirs" value="/usr/lib/jvm/java-8-oracle/jre/lib/ext:/usr/java/packages/lib/ext"/>
    <property name="securerandom.source" value="file:/dev/./urandom"/>
    <property name="sun.boot.class.path" value="/usr/lib/jvm/java-8-oracle/jre/lib/resources.jar:/usr/lib/jvm/java-8-oracle/jre/lib/rt.jar:/usr/lib/jvm/java-8-oracle/jre/lib/sunrsasign.jar:/usr/lib/jvm/java-8-oracle/jre/lib/jsse.jar:/usr/lib/jvm/java-8-oracle/jre/lib/jce.jar:/usr/lib/jvm/java-8-oracle/jre/lib/charsets.jar:/usr/lib/jvm/java-8-oracle/jre/lib/jfr.jar:/usr/lib/jvm/java-8-oracle/jre/classes"/>
    <property name="java.vendor" value="Oracle Corporation"/>
    <property name="maven.home" value="/home/mavit/Tools/IntelliJ/idea-IC-182.4892.20/plugins/maven/lib/maven3"/>
    <property name="file.separator" value="/"/>
    <property name="java.vendor.url.bug" value="http://bugreport.sun.com/bugreport/"/>
    <property name="sun.cpu.endian" value="little"/>
    <property name="sun.io.unicode.encoding" value="UnicodeLittle"/>
    <property name="sun.desktop" value="gnome"/>
    <property name="sun.cpu.isalist" value=""/>
  </properties>
  <testcase name="testInitialiseUserStoryRequirement" classname="ie.flexx.jackanory.tests.UserStoryRequirementImplIntegrationTest" time="26.696"/>
  <testcase name="testUpdateUserStoryRequirement" classname="ie.flexx.jackanory.tests.UserStoryRequirementImplIntegrationTest" time="1.193">
    <error message="org.hibernate.id.IdentifierGenerationException: ids for this class must be manually assigned before calling save(): ie.flexx.jackanory.data.UserStoryRequirementData" type="javax.persistence.PersistenceException"><![CDATA[javax.persistence.PersistenceException: org.hibernate.id.IdentifierGenerationException: ids for this class must be manually assigned before calling save(): ie.flexx.jackanory.data.UserStoryRequirementData
	at org.hibernate.id.Assigned.generate(Assigned.java:52)
	at org.hibernate.event.internal.AbstractSaveEventListener.saveWithGeneratedId(AbstractSaveEventListener.java:117)
	at org.hibernate.jpa.event.internal.core.JpaMergeEventListener.saveWithGeneratedId(JpaMergeEventListener.java:73)
	at org.hibernate.event.internal.DefaultMergeEventListener.saveTransientEntity(DefaultMergeEventListener.java:271)
	at org.hibernate.event.internal.DefaultMergeEventListener.entityIsTransient(DefaultMergeEventListener.java:251)
	at org.hibernate.event.internal.DefaultMergeEventListener.onMerge(DefaultMergeEventListener.java:189)
	at org.hibernate.internal.SessionImpl.fireMerge(SessionImpl.java:886)
	at org.hibernate.internal.SessionImpl.merge(SessionImpl.java:868)
	at org.hibernate.engine.spi.CascadingActions$6.cascade(CascadingActions.java:277)
	at org.hibernate.engine.internal.Cascade.cascadeToOne(Cascade.java:350)
	at org.hibernate.engine.internal.Cascade.cascadeAssociation(Cascade.java:293)
	at org.hibernate.engine.internal.Cascade.cascadeProperty(Cascade.java:161)
	at org.hibernate.engine.internal.Cascade.cascadeCollectionElements(Cascade.java:379)
	at org.hibernate.engine.internal.Cascade.cascadeCollection(Cascade.java:319)
	at org.hibernate.engine.internal.Cascade.cascadeAssociation(Cascade.java:296)
	at org.hibernate.engine.internal.Cascade.cascadeProperty(Cascade.java:161)
	at org.hibernate.engine.internal.Cascade.cascade(Cascade.java:118)
	at org.hibernate.event.internal.DefaultMergeEventListener.cascadeOnMerge(DefaultMergeEventListener.java:474)
	at org.hibernate.event.internal.DefaultMergeEventListener.entityIsPersistent(DefaultMergeEventListener.java:218)
	at org.hibernate.event.internal.DefaultMergeEventListener.onMerge(DefaultMergeEventListener.java:192)
	at org.hibernate.event.internal.DefaultMergeEventListener.onMerge(DefaultMergeEventListener.java:85)
	at org.hibernate.internal.SessionImpl.fireMerge(SessionImpl.java:876)
	at org.hibernate.internal.SessionImpl.merge(SessionImpl.java:858)
	at org.hibernate.internal.SessionImpl.merge(SessionImpl.java:863)
	at org.hibernate.jpa.spi.AbstractEntityManagerImpl.merge(AbstractEntityManagerImpl.java:1196)
	at sun.reflect.NativeMethodAccessorImpl.invoke0(Native Method)
	at sun.reflect.NativeMethodAccessorImpl.invoke(NativeMethodAccessorImpl.java:62)
	at sun.reflect.DelegatingMethodAccessorImpl.invoke(DelegatingMethodAccessorImpl.java:43)
	at java.lang.reflect.Method.invoke(Method.java:498)
	at org.springframework.orm.jpa.SharedEntityManagerCreator$SharedEntityManagerInvocationHandler.invoke(SharedEntityManagerCreator.java:289)
	at com.sun.proxy.$Proxy28.merge(Unknown Source)
	at ie.flexx.jackanory.data.dao.UserStoryDataDaoImpl.updateUserStoryData(UserStoryDataDaoImpl.java:41)
	at ie.flexx.jackanory.data.dao.UserStoryDataDaoImpl$$FastClassBySpringCGLIB$$2fb579d9.invoke(<generated>)
	at org.springframework.cglib.proxy.MethodProxy.invoke(MethodProxy.java:204)
	at org.springframework.aop.framework.CglibAopProxy$CglibMethodInvocation.invokeJoinpoint(CglibAopProxy.java:708)
	at org.springframework.aop.framework.ReflectiveMethodInvocation.proceed(ReflectiveMethodInvocation.java:157)
	at org.springframework.transaction.interceptor.TransactionInterceptor$1.proceedWithInvocation(TransactionInterceptor.java:98)
	at org.springframework.transaction.interceptor.TransactionAspectSupport.invokeWithinTransaction(TransactionAspectSupport.java:262)
	at org.springframework.transaction.interceptor.TransactionInterceptor.invoke(TransactionInterceptor.java:95)
	at org.springframework.aop.framework.ReflectiveMethodInvocation.proceed(ReflectiveMethodInvocation.java:179)
	at org.springframework.aop.framework.CglibAopProxy$DynamicAdvisedInterceptor.intercept(CglibAopProxy.java:644)
	at ie.flexx.jackanory.data.dao.UserStoryDataDaoImpl$$EnhancerBySpringCGLIB$$929f3dfc.updateUserStoryData(<generated>)
	at ie.flexx.jackanory.domain.dao.UserStoryDaoImpl.updateUserStory(UserStoryDaoImpl.java:43)
	at ie.flexx.jackanory.domain.dao.UserStoryDaoImpl$$FastClassBySpringCGLIB$$5f09e9c9.invoke(<generated>)
	at org.springframework.cglib.proxy.MethodProxy.invoke(MethodProxy.java:204)
	at org.springframework.aop.framework.CglibAopProxy$CglibMethodInvocation.invokeJoinpoint(CglibAopProxy.java:708)
	at org.springframework.aop.framework.ReflectiveMethodInvocation.proceed(ReflectiveMethodInvocation.java:157)
	at org.springframework.transaction.interceptor.TransactionInterceptor$1.proceedWithInvocation(TransactionInterceptor.java:98)
	at org.springframework.transaction.interceptor.TransactionAspectSupport.invokeWithinTransaction(TransactionAspectSupport.java:262)
	at org.springframework.transaction.interceptor.TransactionInterceptor.invoke(TransactionInterceptor.java:95)
	at org.springframework.aop.framework.ReflectiveMethodInvocation.proceed(ReflectiveMethodInvocation.java:179)
	at org.springframework.aop.framework.CglibAopProxy$DynamicAdvisedInterceptor.intercept(CglibAopProxy.java:644)
	at ie.flexx.jackanory.domain.dao.UserStoryDaoImpl$$EnhancerBySpringCGLIB$$ba471fec.updateUserStory(<generated>)
	at ie.flexx.jackanory.manager.UserStoryManagerImpl.updateUserStory(UserStoryManagerImpl.java:59)
	at ie.flexx.jackanory.manager.UserStoryManagerImpl$$FastClassBySpringCGLIB$$1b53f5e9.invoke(<generated>)
	at org.springframework.cglib.proxy.MethodProxy.invoke(MethodProxy.java:204)
	at org.springframework.aop.framework.CglibAopProxy$CglibMethodInvocation.invokeJoinpoint(CglibAopProxy.java:708)
	at org.springframework.aop.framework.ReflectiveMethodInvocation.proceed(ReflectiveMethodInvocation.java:157)
	at org.springframework.transaction.interceptor.TransactionInterceptor$1.proceedWithInvocation(TransactionInterceptor.java:98)
	at org.springframework.transaction.interceptor.TransactionAspectSupport.invokeWithinTransaction(TransactionAspectSupport.java:262)
	at org.springframework.transaction.interceptor.TransactionInterceptor.invoke(TransactionInterceptor.java:95)
	at org.springframework.aop.framework.ReflectiveMethodInvocation.proceed(ReflectiveMethodInvocation.java:179)
	at org.springframework.aop.framework.CglibAopProxy$DynamicAdvisedInterceptor.intercept(CglibAopProxy.java:644)
	at ie.flexx.jackanory.manager.UserStoryManagerImpl$$EnhancerBySpringCGLIB$$8058c80c.updateUserStory(<generated>)
	at ie.flexx.jackanory.tests.UserStoryRequirementImplIntegrationTest.testUpdateUserStoryRequirement(UserStoryRequirementImplIntegrationTest.java:151)
]]></error>
    <system-out><![CDATA[Hibernate: 
    insert 
    into
        user_story
        (user_story_id, assigned_date, category, complexity, description, name, notes, sponsor_email, start_date, sub_category, version, workflow_state) 
    values
        (null, ?, ?, ?, ?, ?, ?, ?, ?, ?, ?, ?)
]]></system-out>
    <system-err><![CDATA[Oct 23, 2018 9:17:35 PM org.springframework.beans.factory.xml.XmlBeanDefinitionReader loadBeanDefinitions
INFO: Loading XML bean definitions from class path resource [database-setup.xml]
Oct 23, 2018 9:17:35 PM org.springframework.beans.factory.xml.XmlBeanDefinitionReader loadBeanDefinitions
INFO: Loading XML bean definitions from file [/home/mavit/Documents/Teste e outros/Flexx/JavaDeveloper/jackanory/jackanory-spring/jackanory-spring-spring/target/classes/spring/jackanory/manager.xml]
Oct 23, 2018 9:17:35 PM org.springframework.beans.factory.xml.XmlBeanDefinitionReader loadBeanDefinitions
INFO: Loading XML bean definitions from file [/home/mavit/Documents/Teste e outros/Flexx/JavaDeveloper/jackanory/jackanory-spring/jackanory-spring-spring/target/classes/spring/jackanory/data.xml]
Oct 23, 2018 9:17:35 PM org.springframework.beans.factory.xml.XmlBeanDefinitionReader loadBeanDefinitions
INFO: Loading XML bean definitions from file [/home/mavit/Documents/Teste e outros/Flexx/JavaDeveloper/jackanory/jackanory-spring/jackanory-spring-spring/target/classes/spring/jackanory/domain.xml]
Oct 23, 2018 9:17:35 PM org.springframework.context.support.GenericApplicationContext prepareRefresh
INFO: Refreshing org.springframework.context.support.GenericApplicationContext@77a281fc: startup date [Tue Oct 23 21:17:35 IST 2018]; root of context hierarchy
Oct 23, 2018 9:17:35 PM org.springframework.jdbc.datasource.embedded.EmbeddedDatabaseFactory initDatabase
INFO: Creating embedded database 'dataSource'
Oct 23, 2018 9:17:35 PM org.springframework.orm.jpa.persistenceunit.PersistenceUnitReader determinePersistenceUnitRootUrl
INFO: persistence.xml should be located inside META-INF directory; cannot determine persistence unit root URL for class path resource [persistence.xml]
Oct 23, 2018 9:17:35 PM org.springframework.orm.jpa.LocalContainerEntityManagerFactoryBean createNativeEntityManagerFactory
INFO: Building JPA container EntityManagerFactory for persistence unit 'persistence-domain'
Oct 23, 2018 9:17:35 PM org.hibernate.jpa.internal.util.LogHelper logPersistenceUnitInformation
INFO: HHH000204: Processing PersistenceUnitInfo [
	name: persistence-domain
	...]
Oct 23, 2018 9:17:35 PM org.hibernate.dialect.Dialect <init>
INFO: HHH000400: Using dialect: org.hibernate.dialect.H2Dialect
Oct 23, 2018 9:17:35 PM org.hibernate.hql.internal.ast.ASTQueryTranslatorFactory <init>
INFO: HHH000397: Using ASTQueryTranslatorFactory
Oct 23, 2018 9:17:35 PM org.hibernate.tool.hbm2ddl.SchemaUpdate execute
INFO: HHH000228: Running hbm2ddl schema update
Oct 23, 2018 9:17:35 PM org.hibernate.tool.hbm2ddl.SchemaUpdate execute
INFO: HHH000102: Fetching database metadata
Oct 23, 2018 9:17:35 PM org.hibernate.tool.hbm2ddl.SchemaUpdate execute
INFO: HHH000396: Updating schema
Oct 23, 2018 9:17:35 PM org.hibernate.tool.hbm2ddl.DatabaseMetadata getTableMetadata
INFO: HHH000262: Table not found: user_story
Oct 23, 2018 9:17:35 PM org.hibernate.tool.hbm2ddl.DatabaseMetadata getTableMetadata
INFO: HHH000262: Table not found: user_story_requirement
Oct 23, 2018 9:17:35 PM org.hibernate.tool.hbm2ddl.DatabaseMetadata getTableMetadata
INFO: HHH000262: Table not found: user_story_research
Oct 23, 2018 9:17:35 PM org.hibernate.tool.hbm2ddl.DatabaseMetadata getTableMetadata
INFO: HHH000262: Table not found: user_story
Oct 23, 2018 9:17:35 PM org.hibernate.tool.hbm2ddl.DatabaseMetadata getTableMetadata
INFO: HHH000262: Table not found: user_story_requirement
Oct 23, 2018 9:17:35 PM org.hibernate.tool.hbm2ddl.DatabaseMetadata getTableMetadata
INFO: HHH000262: Table not found: user_story_research
Oct 23, 2018 9:17:35 PM org.hibernate.tool.hbm2ddl.DatabaseMetadata getTableMetadata
INFO: HHH000262: Table not found: user_story
Oct 23, 2018 9:17:35 PM org.hibernate.tool.hbm2ddl.DatabaseMetadata getTableMetadata
INFO: HHH000262: Table not found: user_story_requirement
Oct 23, 2018 9:17:35 PM org.hibernate.tool.hbm2ddl.DatabaseMetadata getTableMetadata
INFO: HHH000262: Table not found: user_story_research
Oct 23, 2018 9:17:35 PM org.hibernate.tool.hbm2ddl.SchemaUpdate execute
ERROR: HHH000388: Unsuccessful: alter table user_story_requirement add constraint FK_fexnf5u4a9isl8mnetis1yuw2 foreign key (user_story_id) references user_story_research
Oct 23, 2018 9:17:35 PM org.hibernate.tool.hbm2ddl.SchemaUpdate execute
ERROR: Constraint "FK_FEXNF5U4A9ISL8MNETIS1YUW2" already exists; SQL statement:

    alter table user_story_requirement 
        add constraint FK_fexnf5u4a9isl8mnetis1yuw2 
        foreign key (user_story_id) 
        references user_story_research [90045-183]
Oct 23, 2018 9:17:36 PM org.hibernate.tool.hbm2ddl.SchemaUpdate execute
INFO: HHH000232: Schema update complete
Oct 23, 2018 9:17:36 PM org.springframework.test.context.transaction.TransactionalTestExecutionListener startNewTransaction
INFO: Began transaction (2) for test context [DefaultTestContext@340b7ef6 testClass = UserStoryRequirementImplIntegrationTest, testInstance = ie.flexx.jackanory.tests.UserStoryRequirementImplIntegrationTest@5b12012e, testMethod = testUpdateUserStoryRequirement@UserStoryRequirementImplIntegrationTest, testException = [null], mergedContextConfiguration = [MergedContextConfiguration@6050462a testClass = UserStoryRequirementImplIntegrationTest, locations = '{classpath:database-setup.xml}', classes = '{}', contextInitializerClasses = '[]', activeProfiles = '{}', contextLoader = 'org.springframework.test.context.support.DelegatingSmartContextLoader', parent = [null]]]; transaction manager [org.springframework.orm.jpa.JpaTransactionManager@2f7dcef2]; rollback [true]
Oct 23, 2018 9:17:36 PM org.springframework.test.context.transaction.TransactionalTestExecutionListener endTransaction
INFO: Rolled back transaction after test execution for test context [DefaultTestContext@340b7ef6 testClass = UserStoryRequirementImplIntegrationTest, testInstance = ie.flexx.jackanory.tests.UserStoryRequirementImplIntegrationTest@5b12012e, testMethod = testUpdateUserStoryRequirement@UserStoryRequirementImplIntegrationTest, testException = javax.persistence.PersistenceException: org.hibernate.id.IdentifierGenerationException: ids for this class must be manually assigned before calling save(): ie.flexx.jackanory.data.UserStoryRequirementData, mergedContextConfiguration = [MergedContextConfiguration@6050462a testClass = UserStoryRequirementImplIntegrationTest, locations = '{classpath:database-setup.xml}', classes = '{}', contextInitializerClasses = '[]', activeProfiles = '{}', contextLoader = 'org.springframework.test.context.support.DelegatingSmartContextLoader', parent = [null]]]
Oct 23, 2018 9:17:36 PM org.springframework.context.support.GenericApplicationContext doClose
INFO: Closing org.springframework.context.support.GenericApplicationContext@77a281fc: startup date [Tue Oct 23 21:17:35 IST 2018]; root of context hierarchy
Oct 23, 2018 9:17:36 PM org.springframework.orm.jpa.LocalContainerEntityManagerFactoryBean destroy
INFO: Closing JPA EntityManagerFactory for persistence unit 'persistence-domain'
]]></system-err>
  </testcase>
  <testcase name="testGetUserStoryRequirementList" classname="ie.flexx.jackanory.tests.UserStoryRequirementImplIntegrationTest" time="1.624">
    <error message="org.hibernate.id.IdentifierGenerationException: ids for this class must be manually assigned before calling save(): ie.flexx.jackanory.data.UserStoryRequirementData" type="javax.persistence.PersistenceException"><![CDATA[javax.persistence.PersistenceException: org.hibernate.id.IdentifierGenerationException: ids for this class must be manually assigned before calling save(): ie.flexx.jackanory.data.UserStoryRequirementData
	at org.hibernate.id.Assigned.generate(Assigned.java:52)
	at org.hibernate.event.internal.AbstractSaveEventListener.saveWithGeneratedId(AbstractSaveEventListener.java:117)
	at org.hibernate.jpa.event.internal.core.JpaMergeEventListener.saveWithGeneratedId(JpaMergeEventListener.java:73)
	at org.hibernate.event.internal.DefaultMergeEventListener.saveTransientEntity(DefaultMergeEventListener.java:271)
	at org.hibernate.event.internal.DefaultMergeEventListener.entityIsTransient(DefaultMergeEventListener.java:251)
	at org.hibernate.event.internal.DefaultMergeEventListener.onMerge(DefaultMergeEventListener.java:189)
	at org.hibernate.internal.SessionImpl.fireMerge(SessionImpl.java:886)
	at org.hibernate.internal.SessionImpl.merge(SessionImpl.java:868)
	at org.hibernate.engine.spi.CascadingActions$6.cascade(CascadingActions.java:277)
	at org.hibernate.engine.internal.Cascade.cascadeToOne(Cascade.java:350)
	at org.hibernate.engine.internal.Cascade.cascadeAssociation(Cascade.java:293)
	at org.hibernate.engine.internal.Cascade.cascadeProperty(Cascade.java:161)
	at org.hibernate.engine.internal.Cascade.cascadeCollectionElements(Cascade.java:379)
	at org.hibernate.engine.internal.Cascade.cascadeCollection(Cascade.java:319)
	at org.hibernate.engine.internal.Cascade.cascadeAssociation(Cascade.java:296)
	at org.hibernate.engine.internal.Cascade.cascadeProperty(Cascade.java:161)
	at org.hibernate.engine.internal.Cascade.cascade(Cascade.java:118)
	at org.hibernate.event.internal.DefaultMergeEventListener.cascadeOnMerge(DefaultMergeEventListener.java:474)
	at org.hibernate.event.internal.DefaultMergeEventListener.entityIsPersistent(DefaultMergeEventListener.java:218)
	at org.hibernate.event.internal.DefaultMergeEventListener.onMerge(DefaultMergeEventListener.java:192)
	at org.hibernate.event.internal.DefaultMergeEventListener.onMerge(DefaultMergeEventListener.java:85)
	at org.hibernate.internal.SessionImpl.fireMerge(SessionImpl.java:876)
	at org.hibernate.internal.SessionImpl.merge(SessionImpl.java:858)
	at org.hibernate.internal.SessionImpl.merge(SessionImpl.java:863)
	at org.hibernate.jpa.spi.AbstractEntityManagerImpl.merge(AbstractEntityManagerImpl.java:1196)
	at sun.reflect.NativeMethodAccessorImpl.invoke0(Native Method)
	at sun.reflect.NativeMethodAccessorImpl.invoke(NativeMethodAccessorImpl.java:62)
	at sun.reflect.DelegatingMethodAccessorImpl.invoke(DelegatingMethodAccessorImpl.java:43)
	at java.lang.reflect.Method.invoke(Method.java:498)
	at org.springframework.orm.jpa.SharedEntityManagerCreator$SharedEntityManagerInvocationHandler.invoke(SharedEntityManagerCreator.java:289)
	at com.sun.proxy.$Proxy28.merge(Unknown Source)
	at ie.flexx.jackanory.data.dao.UserStoryDataDaoImpl.updateUserStoryData(UserStoryDataDaoImpl.java:41)
	at ie.flexx.jackanory.data.dao.UserStoryDataDaoImpl$$FastClassBySpringCGLIB$$2fb579d9.invoke(<generated>)
	at org.springframework.cglib.proxy.MethodProxy.invoke(MethodProxy.java:204)
	at org.springframework.aop.framework.CglibAopProxy$CglibMethodInvocation.invokeJoinpoint(CglibAopProxy.java:708)
	at org.springframework.aop.framework.ReflectiveMethodInvocation.proceed(ReflectiveMethodInvocation.java:157)
	at org.springframework.transaction.interceptor.TransactionInterceptor$1.proceedWithInvocation(TransactionInterceptor.java:98)
	at org.springframework.transaction.interceptor.TransactionAspectSupport.invokeWithinTransaction(TransactionAspectSupport.java:262)
	at org.springframework.transaction.interceptor.TransactionInterceptor.invoke(TransactionInterceptor.java:95)
	at org.springframework.aop.framework.ReflectiveMethodInvocation.proceed(ReflectiveMethodInvocation.java:179)
	at org.springframework.aop.framework.CglibAopProxy$DynamicAdvisedInterceptor.intercept(CglibAopProxy.java:644)
	at ie.flexx.jackanory.data.dao.UserStoryDataDaoImpl$$EnhancerBySpringCGLIB$$929f3dfc.updateUserStoryData(<generated>)
	at ie.flexx.jackanory.domain.dao.UserStoryDaoImpl.updateUserStory(UserStoryDaoImpl.java:43)
	at ie.flexx.jackanory.domain.dao.UserStoryDaoImpl$$FastClassBySpringCGLIB$$5f09e9c9.invoke(<generated>)
	at org.springframework.cglib.proxy.MethodProxy.invoke(MethodProxy.java:204)
	at org.springframework.aop.framework.CglibAopProxy$CglibMethodInvocation.invokeJoinpoint(CglibAopProxy.java:708)
	at org.springframework.aop.framework.ReflectiveMethodInvocation.proceed(ReflectiveMethodInvocation.java:157)
	at org.springframework.transaction.interceptor.TransactionInterceptor$1.proceedWithInvocation(TransactionInterceptor.java:98)
	at org.springframework.transaction.interceptor.TransactionAspectSupport.invokeWithinTransaction(TransactionAspectSupport.java:262)
	at org.springframework.transaction.interceptor.TransactionInterceptor.invoke(TransactionInterceptor.java:95)
	at org.springframework.aop.framework.ReflectiveMethodInvocation.proceed(ReflectiveMethodInvocation.java:179)
	at org.springframework.aop.framework.CglibAopProxy$DynamicAdvisedInterceptor.intercept(CglibAopProxy.java:644)
	at ie.flexx.jackanory.domain.dao.UserStoryDaoImpl$$EnhancerBySpringCGLIB$$ba471fec.updateUserStory(<generated>)
	at ie.flexx.jackanory.manager.UserStoryManagerImpl.updateUserStory(UserStoryManagerImpl.java:59)
	at ie.flexx.jackanory.manager.UserStoryManagerImpl$$FastClassBySpringCGLIB$$1b53f5e9.invoke(<generated>)
	at org.springframework.cglib.proxy.MethodProxy.invoke(MethodProxy.java:204)
	at org.springframework.aop.framework.CglibAopProxy$CglibMethodInvocation.invokeJoinpoint(CglibAopProxy.java:708)
	at org.springframework.aop.framework.ReflectiveMethodInvocation.proceed(ReflectiveMethodInvocation.java:157)
	at org.springframework.transaction.interceptor.TransactionInterceptor$1.proceedWithInvocation(TransactionInterceptor.java:98)
	at org.springframework.transaction.interceptor.TransactionAspectSupport.invokeWithinTransaction(TransactionAspectSupport.java:262)
	at org.springframework.transaction.interceptor.TransactionInterceptor.invoke(TransactionInterceptor.java:95)
	at org.springframework.aop.framework.ReflectiveMethodInvocation.proceed(ReflectiveMethodInvocation.java:179)
	at org.springframework.aop.framework.CglibAopProxy$DynamicAdvisedInterceptor.intercept(CglibAopProxy.java:644)
	at ie.flexx.jackanory.manager.UserStoryManagerImpl$$EnhancerBySpringCGLIB$$8058c80c.updateUserStory(<generated>)
	at ie.flexx.jackanory.tests.UserStoryRequirementImplIntegrationTest.testGetUserStoryRequirementList(UserStoryRequirementImplIntegrationTest.java:126)
]]></error>
    <system-out><![CDATA[Hibernate: 
    select
        userstoryr0_.user_story_requirement_id as user_sto1_1_,
        userstoryr0_.requirement as requirem2_1_,
        userstoryr0_.user_story_id as user_sto4_1_,
        userstoryr0_.user_story_research_id as user_sto5_1_,
        userstoryr0_.version as version3_1_ 
    from
        user_story_requirement userstoryr0_
Hibernate: 
    insert 
    into
        user_story
        (user_story_id, assigned_date, category, complexity, description, name, notes, sponsor_email, start_date, sub_category, version, workflow_state) 
    values
        (null, ?, ?, ?, ?, ?, ?, ?, ?, ?, ?, ?)
Hibernate: 
    insert 
    into
        user_story
        (user_story_id, assigned_date, category, complexity, description, name, notes, sponsor_email, start_date, sub_category, version, workflow_state) 
    values
        (null, ?, ?, ?, ?, ?, ?, ?, ?, ?, ?, ?)
]]></system-out>
    <system-err><![CDATA[Oct 23, 2018 9:17:36 PM org.springframework.beans.factory.xml.XmlBeanDefinitionReader loadBeanDefinitions
INFO: Loading XML bean definitions from class path resource [database-setup.xml]
Oct 23, 2018 9:17:36 PM org.springframework.beans.factory.xml.XmlBeanDefinitionReader loadBeanDefinitions
INFO: Loading XML bean definitions from file [/home/mavit/Documents/Teste e outros/Flexx/JavaDeveloper/jackanory/jackanory-spring/jackanory-spring-spring/target/classes/spring/jackanory/manager.xml]
Oct 23, 2018 9:17:36 PM org.springframework.beans.factory.xml.XmlBeanDefinitionReader loadBeanDefinitions
INFO: Loading XML bean definitions from file [/home/mavit/Documents/Teste e outros/Flexx/JavaDeveloper/jackanory/jackanory-spring/jackanory-spring-spring/target/classes/spring/jackanory/data.xml]
Oct 23, 2018 9:17:36 PM org.springframework.beans.factory.xml.XmlBeanDefinitionReader loadBeanDefinitions
INFO: Loading XML bean definitions from file [/home/mavit/Documents/Teste e outros/Flexx/JavaDeveloper/jackanory/jackanory-spring/jackanory-spring-spring/target/classes/spring/jackanory/domain.xml]
Oct 23, 2018 9:17:36 PM org.springframework.context.support.GenericApplicationContext prepareRefresh
INFO: Refreshing org.springframework.context.support.GenericApplicationContext@74ad8d05: startup date [Tue Oct 23 21:17:36 IST 2018]; root of context hierarchy
Oct 23, 2018 9:17:36 PM org.springframework.jdbc.datasource.embedded.EmbeddedDatabaseFactory initDatabase
INFO: Creating embedded database 'dataSource'
Oct 23, 2018 9:17:36 PM org.springframework.orm.jpa.persistenceunit.PersistenceUnitReader determinePersistenceUnitRootUrl
INFO: persistence.xml should be located inside META-INF directory; cannot determine persistence unit root URL for class path resource [persistence.xml]
Oct 23, 2018 9:17:36 PM org.springframework.orm.jpa.LocalContainerEntityManagerFactoryBean createNativeEntityManagerFactory
INFO: Building JPA container EntityManagerFactory for persistence unit 'persistence-domain'
Oct 23, 2018 9:17:36 PM org.hibernate.jpa.internal.util.LogHelper logPersistenceUnitInformation
INFO: HHH000204: Processing PersistenceUnitInfo [
	name: persistence-domain
	...]
Oct 23, 2018 9:17:36 PM org.hibernate.dialect.Dialect <init>
INFO: HHH000400: Using dialect: org.hibernate.dialect.H2Dialect
Oct 23, 2018 9:17:36 PM org.hibernate.hql.internal.ast.ASTQueryTranslatorFactory <init>
INFO: HHH000397: Using ASTQueryTranslatorFactory
Oct 23, 2018 9:17:36 PM org.hibernate.tool.hbm2ddl.SchemaUpdate execute
INFO: HHH000228: Running hbm2ddl schema update
Oct 23, 2018 9:17:37 PM org.hibernate.tool.hbm2ddl.SchemaUpdate execute
INFO: HHH000102: Fetching database metadata
Oct 23, 2018 9:17:37 PM org.hibernate.tool.hbm2ddl.SchemaUpdate execute
INFO: HHH000396: Updating schema
Oct 23, 2018 9:17:37 PM org.hibernate.tool.hbm2ddl.DatabaseMetadata getTableMetadata
INFO: HHH000262: Table not found: user_story
Oct 23, 2018 9:17:37 PM org.hibernate.tool.hbm2ddl.DatabaseMetadata getTableMetadata
INFO: HHH000262: Table not found: user_story_requirement
Oct 23, 2018 9:17:37 PM org.hibernate.tool.hbm2ddl.DatabaseMetadata getTableMetadata
INFO: HHH000262: Table not found: user_story_research
Oct 23, 2018 9:17:37 PM org.hibernate.tool.hbm2ddl.DatabaseMetadata getTableMetadata
INFO: HHH000262: Table not found: user_story
Oct 23, 2018 9:17:37 PM org.hibernate.tool.hbm2ddl.DatabaseMetadata getTableMetadata
INFO: HHH000262: Table not found: user_story_requirement
Oct 23, 2018 9:17:37 PM org.hibernate.tool.hbm2ddl.DatabaseMetadata getTableMetadata
INFO: HHH000262: Table not found: user_story_research
Oct 23, 2018 9:17:37 PM org.hibernate.tool.hbm2ddl.DatabaseMetadata getTableMetadata
INFO: HHH000262: Table not found: user_story
Oct 23, 2018 9:17:37 PM org.hibernate.tool.hbm2ddl.DatabaseMetadata getTableMetadata
INFO: HHH000262: Table not found: user_story_requirement
Oct 23, 2018 9:17:37 PM org.hibernate.tool.hbm2ddl.DatabaseMetadata getTableMetadata
INFO: HHH000262: Table not found: user_story_research
Oct 23, 2018 9:17:37 PM org.hibernate.tool.hbm2ddl.SchemaUpdate execute
ERROR: HHH000388: Unsuccessful: alter table user_story_requirement add constraint FK_fexnf5u4a9isl8mnetis1yuw2 foreign key (user_story_id) references user_story_research
Oct 23, 2018 9:17:37 PM org.hibernate.tool.hbm2ddl.SchemaUpdate execute
ERROR: Constraint "FK_FEXNF5U4A9ISL8MNETIS1YUW2" already exists; SQL statement:

    alter table user_story_requirement 
        add constraint FK_fexnf5u4a9isl8mnetis1yuw2 
        foreign key (user_story_id) 
        references user_story_research [90045-183]
Oct 23, 2018 9:17:37 PM org.hibernate.tool.hbm2ddl.SchemaUpdate execute
INFO: HHH000232: Schema update complete
Oct 23, 2018 9:17:37 PM org.springframework.test.context.transaction.TransactionalTestExecutionListener startNewTransaction
INFO: Began transaction (3) for test context [DefaultTestContext@340b7ef6 testClass = UserStoryRequirementImplIntegrationTest, testInstance = ie.flexx.jackanory.tests.UserStoryRequirementImplIntegrationTest@289fdb08, testMethod = testGetUserStoryRequirementList@UserStoryRequirementImplIntegrationTest, testException = [null], mergedContextConfiguration = [MergedContextConfiguration@6050462a testClass = UserStoryRequirementImplIntegrationTest, locations = '{classpath:database-setup.xml}', classes = '{}', contextInitializerClasses = '[]', activeProfiles = '{}', contextLoader = 'org.springframework.test.context.support.DelegatingSmartContextLoader', parent = [null]]]; transaction manager [org.springframework.orm.jpa.JpaTransactionManager@7a231dfd]; rollback [true]
Oct 23, 2018 9:17:37 PM org.springframework.test.context.transaction.TransactionalTestExecutionListener endTransaction
INFO: Rolled back transaction after test execution for test context [DefaultTestContext@340b7ef6 testClass = UserStoryRequirementImplIntegrationTest, testInstance = ie.flexx.jackanory.tests.UserStoryRequirementImplIntegrationTest@289fdb08, testMethod = testGetUserStoryRequirementList@UserStoryRequirementImplIntegrationTest, testException = javax.persistence.PersistenceException: org.hibernate.id.IdentifierGenerationException: ids for this class must be manually assigned before calling save(): ie.flexx.jackanory.data.UserStoryRequirementData, mergedContextConfiguration = [MergedContextConfiguration@6050462a testClass = UserStoryRequirementImplIntegrationTest, locations = '{classpath:database-setup.xml}', classes = '{}', contextInitializerClasses = '[]', activeProfiles = '{}', contextLoader = 'org.springframework.test.context.support.DelegatingSmartContextLoader', parent = [null]]]
Oct 23, 2018 9:17:37 PM org.springframework.context.support.GenericApplicationContext doClose
INFO: Closing org.springframework.context.support.GenericApplicationContext@74ad8d05: startup date [Tue Oct 23 21:17:36 IST 2018]; root of context hierarchy
Oct 23, 2018 9:17:37 PM org.springframework.orm.jpa.LocalContainerEntityManagerFactoryBean destroy
INFO: Closing JPA EntityManagerFactory for persistence unit 'persistence-domain'
]]></system-err>
  </testcase>
  <testcase name="testDefaultInitialiseUserStoryRequirement" classname="ie.flexx.jackanory.tests.UserStoryRequirementImplIntegrationTest" time="0.741"/>
  <testcase name="testDeleteUserStoryRequirement" classname="ie.flexx.jackanory.tests.UserStoryRequirementImplIntegrationTest" time="0.844">
    <error message="org.hibernate.id.IdentifierGenerationException: ids for this class must be manually assigned before calling save(): ie.flexx.jackanory.data.UserStoryRequirementData" type="javax.persistence.PersistenceException"><![CDATA[javax.persistence.PersistenceException: org.hibernate.id.IdentifierGenerationException: ids for this class must be manually assigned before calling save(): ie.flexx.jackanory.data.UserStoryRequirementData
	at org.hibernate.id.Assigned.generate(Assigned.java:52)
	at org.hibernate.event.internal.AbstractSaveEventListener.saveWithGeneratedId(AbstractSaveEventListener.java:117)
	at org.hibernate.jpa.event.internal.core.JpaMergeEventListener.saveWithGeneratedId(JpaMergeEventListener.java:73)
	at org.hibernate.event.internal.DefaultMergeEventListener.saveTransientEntity(DefaultMergeEventListener.java:271)
	at org.hibernate.event.internal.DefaultMergeEventListener.entityIsTransient(DefaultMergeEventListener.java:251)
	at org.hibernate.event.internal.DefaultMergeEventListener.onMerge(DefaultMergeEventListener.java:189)
	at org.hibernate.internal.SessionImpl.fireMerge(SessionImpl.java:886)
	at org.hibernate.internal.SessionImpl.merge(SessionImpl.java:868)
	at org.hibernate.engine.spi.CascadingActions$6.cascade(CascadingActions.java:277)
	at org.hibernate.engine.internal.Cascade.cascadeToOne(Cascade.java:350)
	at org.hibernate.engine.internal.Cascade.cascadeAssociation(Cascade.java:293)
	at org.hibernate.engine.internal.Cascade.cascadeProperty(Cascade.java:161)
	at org.hibernate.engine.internal.Cascade.cascadeCollectionElements(Cascade.java:379)
	at org.hibernate.engine.internal.Cascade.cascadeCollection(Cascade.java:319)
	at org.hibernate.engine.internal.Cascade.cascadeAssociation(Cascade.java:296)
	at org.hibernate.engine.internal.Cascade.cascadeProperty(Cascade.java:161)
	at org.hibernate.engine.internal.Cascade.cascade(Cascade.java:118)
	at org.hibernate.event.internal.DefaultMergeEventListener.cascadeOnMerge(DefaultMergeEventListener.java:474)
	at org.hibernate.event.internal.DefaultMergeEventListener.entityIsPersistent(DefaultMergeEventListener.java:218)
	at org.hibernate.event.internal.DefaultMergeEventListener.onMerge(DefaultMergeEventListener.java:192)
	at org.hibernate.event.internal.DefaultMergeEventListener.onMerge(DefaultMergeEventListener.java:85)
	at org.hibernate.internal.SessionImpl.fireMerge(SessionImpl.java:876)
	at org.hibernate.internal.SessionImpl.merge(SessionImpl.java:858)
	at org.hibernate.internal.SessionImpl.merge(SessionImpl.java:863)
	at org.hibernate.jpa.spi.AbstractEntityManagerImpl.merge(AbstractEntityManagerImpl.java:1196)
	at sun.reflect.NativeMethodAccessorImpl.invoke0(Native Method)
	at sun.reflect.NativeMethodAccessorImpl.invoke(NativeMethodAccessorImpl.java:62)
	at sun.reflect.DelegatingMethodAccessorImpl.invoke(DelegatingMethodAccessorImpl.java:43)
	at java.lang.reflect.Method.invoke(Method.java:498)
	at org.springframework.orm.jpa.SharedEntityManagerCreator$SharedEntityManagerInvocationHandler.invoke(SharedEntityManagerCreator.java:289)
	at com.sun.proxy.$Proxy28.merge(Unknown Source)
	at ie.flexx.jackanory.data.dao.UserStoryDataDaoImpl.updateUserStoryData(UserStoryDataDaoImpl.java:41)
	at ie.flexx.jackanory.data.dao.UserStoryDataDaoImpl$$FastClassBySpringCGLIB$$2fb579d9.invoke(<generated>)
	at org.springframework.cglib.proxy.MethodProxy.invoke(MethodProxy.java:204)
	at org.springframework.aop.framework.CglibAopProxy$CglibMethodInvocation.invokeJoinpoint(CglibAopProxy.java:708)
	at org.springframework.aop.framework.ReflectiveMethodInvocation.proceed(ReflectiveMethodInvocation.java:157)
	at org.springframework.transaction.interceptor.TransactionInterceptor$1.proceedWithInvocation(TransactionInterceptor.java:98)
	at org.springframework.transaction.interceptor.TransactionAspectSupport.invokeWithinTransaction(TransactionAspectSupport.java:262)
	at org.springframework.transaction.interceptor.TransactionInterceptor.invoke(TransactionInterceptor.java:95)
	at org.springframework.aop.framework.ReflectiveMethodInvocation.proceed(ReflectiveMethodInvocation.java:179)
	at org.springframework.aop.framework.CglibAopProxy$DynamicAdvisedInterceptor.intercept(CglibAopProxy.java:644)
	at ie.flexx.jackanory.data.dao.UserStoryDataDaoImpl$$EnhancerBySpringCGLIB$$929f3dfc.updateUserStoryData(<generated>)
	at ie.flexx.jackanory.domain.dao.UserStoryDaoImpl.updateUserStory(UserStoryDaoImpl.java:43)
	at ie.flexx.jackanory.domain.dao.UserStoryDaoImpl$$FastClassBySpringCGLIB$$5f09e9c9.invoke(<generated>)
	at org.springframework.cglib.proxy.MethodProxy.invoke(MethodProxy.java:204)
	at org.springframework.aop.framework.CglibAopProxy$CglibMethodInvocation.invokeJoinpoint(CglibAopProxy.java:708)
	at org.springframework.aop.framework.ReflectiveMethodInvocation.proceed(ReflectiveMethodInvocation.java:157)
	at org.springframework.transaction.interceptor.TransactionInterceptor$1.proceedWithInvocation(TransactionInterceptor.java:98)
	at org.springframework.transaction.interceptor.TransactionAspectSupport.invokeWithinTransaction(TransactionAspectSupport.java:262)
	at org.springframework.transaction.interceptor.TransactionInterceptor.invoke(TransactionInterceptor.java:95)
	at org.springframework.aop.framework.ReflectiveMethodInvocation.proceed(ReflectiveMethodInvocation.java:179)
	at org.springframework.aop.framework.CglibAopProxy$DynamicAdvisedInterceptor.intercept(CglibAopProxy.java:644)
	at ie.flexx.jackanory.domain.dao.UserStoryDaoImpl$$EnhancerBySpringCGLIB$$ba471fec.updateUserStory(<generated>)
	at ie.flexx.jackanory.manager.UserStoryManagerImpl.updateUserStory(UserStoryManagerImpl.java:59)
	at ie.flexx.jackanory.manager.UserStoryManagerImpl$$FastClassBySpringCGLIB$$1b53f5e9.invoke(<generated>)
	at org.springframework.cglib.proxy.MethodProxy.invoke(MethodProxy.java:204)
	at org.springframework.aop.framework.CglibAopProxy$CglibMethodInvocation.invokeJoinpoint(CglibAopProxy.java:708)
	at org.springframework.aop.framework.ReflectiveMethodInvocation.proceed(ReflectiveMethodInvocation.java:157)
	at org.springframework.transaction.interceptor.TransactionInterceptor$1.proceedWithInvocation(TransactionInterceptor.java:98)
	at org.springframework.transaction.interceptor.TransactionAspectSupport.invokeWithinTransaction(TransactionAspectSupport.java:262)
	at org.springframework.transaction.interceptor.TransactionInterceptor.invoke(TransactionInterceptor.java:95)
	at org.springframework.aop.framework.ReflectiveMethodInvocation.proceed(ReflectiveMethodInvocation.java:179)
	at org.springframework.aop.framework.CglibAopProxy$DynamicAdvisedInterceptor.intercept(CglibAopProxy.java:644)
	at ie.flexx.jackanory.manager.UserStoryManagerImpl$$EnhancerBySpringCGLIB$$8058c80c.updateUserStory(<generated>)
	at ie.flexx.jackanory.tests.UserStoryRequirementImplIntegrationTest.testDeleteUserStoryRequirement(UserStoryRequirementImplIntegrationTest.java:207)
]]></error>
    <system-out><![CDATA[Hibernate: 
    insert 
    into
        user_story
        (user_story_id, assigned_date, category, complexity, description, name, notes, sponsor_email, start_date, sub_category, version, workflow_state) 
    values
        (null, ?, ?, ?, ?, ?, ?, ?, ?, ?, ?, ?)
Hibernate: 
    insert 
    into
        user_story
        (user_story_id, assigned_date, category, complexity, description, name, notes, sponsor_email, start_date, sub_category, version, workflow_state) 
    values
        (null, ?, ?, ?, ?, ?, ?, ?, ?, ?, ?, ?)
]]></system-out>
    <system-err><![CDATA[Oct 23, 2018 9:17:38 PM org.springframework.beans.factory.xml.XmlBeanDefinitionReader loadBeanDefinitions
INFO: Loading XML bean definitions from class path resource [database-setup.xml]
Oct 23, 2018 9:17:38 PM org.springframework.beans.factory.xml.XmlBeanDefinitionReader loadBeanDefinitions
INFO: Loading XML bean definitions from file [/home/mavit/Documents/Teste e outros/Flexx/JavaDeveloper/jackanory/jackanory-spring/jackanory-spring-spring/target/classes/spring/jackanory/manager.xml]
Oct 23, 2018 9:17:38 PM org.springframework.beans.factory.xml.XmlBeanDefinitionReader loadBeanDefinitions
INFO: Loading XML bean definitions from file [/home/mavit/Documents/Teste e outros/Flexx/JavaDeveloper/jackanory/jackanory-spring/jackanory-spring-spring/target/classes/spring/jackanory/data.xml]
Oct 23, 2018 9:17:38 PM org.springframework.beans.factory.xml.XmlBeanDefinitionReader loadBeanDefinitions
INFO: Loading XML bean definitions from file [/home/mavit/Documents/Teste e outros/Flexx/JavaDeveloper/jackanory/jackanory-spring/jackanory-spring-spring/target/classes/spring/jackanory/domain.xml]
Oct 23, 2018 9:17:38 PM org.springframework.context.support.GenericApplicationContext prepareRefresh
INFO: Refreshing org.springframework.context.support.GenericApplicationContext@263bbfeb: startup date [Tue Oct 23 21:17:38 IST 2018]; root of context hierarchy
Oct 23, 2018 9:17:38 PM org.springframework.jdbc.datasource.embedded.EmbeddedDatabaseFactory initDatabase
INFO: Creating embedded database 'dataSource'
Oct 23, 2018 9:17:38 PM org.springframework.orm.jpa.persistenceunit.PersistenceUnitReader determinePersistenceUnitRootUrl
INFO: persistence.xml should be located inside META-INF directory; cannot determine persistence unit root URL for class path resource [persistence.xml]
Oct 23, 2018 9:17:38 PM org.springframework.orm.jpa.LocalContainerEntityManagerFactoryBean createNativeEntityManagerFactory
INFO: Building JPA container EntityManagerFactory for persistence unit 'persistence-domain'
Oct 23, 2018 9:17:38 PM org.hibernate.jpa.internal.util.LogHelper logPersistenceUnitInformation
INFO: HHH000204: Processing PersistenceUnitInfo [
	name: persistence-domain
	...]
Oct 23, 2018 9:17:39 PM org.hibernate.dialect.Dialect <init>
INFO: HHH000400: Using dialect: org.hibernate.dialect.H2Dialect
Oct 23, 2018 9:17:39 PM org.hibernate.hql.internal.ast.ASTQueryTranslatorFactory <init>
INFO: HHH000397: Using ASTQueryTranslatorFactory
Oct 23, 2018 9:17:39 PM org.hibernate.tool.hbm2ddl.SchemaUpdate execute
INFO: HHH000228: Running hbm2ddl schema update
Oct 23, 2018 9:17:39 PM org.hibernate.tool.hbm2ddl.SchemaUpdate execute
INFO: HHH000102: Fetching database metadata
Oct 23, 2018 9:17:39 PM org.hibernate.tool.hbm2ddl.SchemaUpdate execute
INFO: HHH000396: Updating schema
Oct 23, 2018 9:17:39 PM org.hibernate.tool.hbm2ddl.DatabaseMetadata getTableMetadata
INFO: HHH000262: Table not found: user_story
Oct 23, 2018 9:17:39 PM org.hibernate.tool.hbm2ddl.DatabaseMetadata getTableMetadata
INFO: HHH000262: Table not found: user_story_requirement
Oct 23, 2018 9:17:39 PM org.hibernate.tool.hbm2ddl.DatabaseMetadata getTableMetadata
INFO: HHH000262: Table not found: user_story_research
Oct 23, 2018 9:17:39 PM org.hibernate.tool.hbm2ddl.DatabaseMetadata getTableMetadata
INFO: HHH000262: Table not found: user_story
Oct 23, 2018 9:17:39 PM org.hibernate.tool.hbm2ddl.DatabaseMetadata getTableMetadata
INFO: HHH000262: Table not found: user_story_requirement
Oct 23, 2018 9:17:39 PM org.hibernate.tool.hbm2ddl.DatabaseMetadata getTableMetadata
INFO: HHH000262: Table not found: user_story_research
Oct 23, 2018 9:17:39 PM org.hibernate.tool.hbm2ddl.DatabaseMetadata getTableMetadata
INFO: HHH000262: Table not found: user_story
Oct 23, 2018 9:17:39 PM org.hibernate.tool.hbm2ddl.DatabaseMetadata getTableMetadata
INFO: HHH000262: Table not found: user_story_requirement
Oct 23, 2018 9:17:39 PM org.hibernate.tool.hbm2ddl.DatabaseMetadata getTableMetadata
INFO: HHH000262: Table not found: user_story_research
Oct 23, 2018 9:17:39 PM org.hibernate.tool.hbm2ddl.SchemaUpdate execute
ERROR: HHH000388: Unsuccessful: alter table user_story_requirement add constraint FK_fexnf5u4a9isl8mnetis1yuw2 foreign key (user_story_id) references user_story_research
Oct 23, 2018 9:17:39 PM org.hibernate.tool.hbm2ddl.SchemaUpdate execute
ERROR: Constraint "FK_FEXNF5U4A9ISL8MNETIS1YUW2" already exists; SQL statement:

    alter table user_story_requirement 
        add constraint FK_fexnf5u4a9isl8mnetis1yuw2 
        foreign key (user_story_id) 
        references user_story_research [90045-183]
Oct 23, 2018 9:17:39 PM org.hibernate.tool.hbm2ddl.SchemaUpdate execute
INFO: HHH000232: Schema update complete
Oct 23, 2018 9:17:39 PM org.springframework.test.context.transaction.TransactionalTestExecutionListener startNewTransaction
INFO: Began transaction (5) for test context [DefaultTestContext@340b7ef6 testClass = UserStoryRequirementImplIntegrationTest, testInstance = ie.flexx.jackanory.tests.UserStoryRequirementImplIntegrationTest@4e1459ea, testMethod = testDeleteUserStoryRequirement@UserStoryRequirementImplIntegrationTest, testException = [null], mergedContextConfiguration = [MergedContextConfiguration@6050462a testClass = UserStoryRequirementImplIntegrationTest, locations = '{classpath:database-setup.xml}', classes = '{}', contextInitializerClasses = '[]', activeProfiles = '{}', contextLoader = 'org.springframework.test.context.support.DelegatingSmartContextLoader', parent = [null]]]; transaction manager [org.springframework.orm.jpa.JpaTransactionManager@3ab6678b]; rollback [true]
Oct 23, 2018 9:17:39 PM org.springframework.test.context.transaction.TransactionalTestExecutionListener endTransaction
INFO: Rolled back transaction after test execution for test context [DefaultTestContext@340b7ef6 testClass = UserStoryRequirementImplIntegrationTest, testInstance = ie.flexx.jackanory.tests.UserStoryRequirementImplIntegrationTest@4e1459ea, testMethod = testDeleteUserStoryRequirement@UserStoryRequirementImplIntegrationTest, testException = javax.persistence.PersistenceException: org.hibernate.id.IdentifierGenerationException: ids for this class must be manually assigned before calling save(): ie.flexx.jackanory.data.UserStoryRequirementData, mergedContextConfiguration = [MergedContextConfiguration@6050462a testClass = UserStoryRequirementImplIntegrationTest, locations = '{classpath:database-setup.xml}', classes = '{}', contextInitializerClasses = '[]', activeProfiles = '{}', contextLoader = 'org.springframework.test.context.support.DelegatingSmartContextLoader', parent = [null]]]
Oct 23, 2018 9:17:39 PM org.springframework.context.support.GenericApplicationContext doClose
INFO: Closing org.springframework.context.support.GenericApplicationContext@263bbfeb: startup date [Tue Oct 23 21:17:38 IST 2018]; root of context hierarchy
Oct 23, 2018 9:17:39 PM org.springframework.orm.jpa.LocalContainerEntityManagerFactoryBean destroy
INFO: Closing JPA EntityManagerFactory for persistence unit 'persistence-domain'
]]></system-err>
  </testcase>
  <testcase name="testCreateUserStoryRequirement" classname="ie.flexx.jackanory.tests.UserStoryRequirementImplIntegrationTest" time="0.603">
    <error message="org.hibernate.id.IdentifierGenerationException: ids for this class must be manually assigned before calling save(): ie.flexx.jackanory.data.UserStoryRequirementData" type="javax.persistence.PersistenceException"><![CDATA[javax.persistence.PersistenceException: org.hibernate.id.IdentifierGenerationException: ids for this class must be manually assigned before calling save(): ie.flexx.jackanory.data.UserStoryRequirementData
	at org.hibernate.id.Assigned.generate(Assigned.java:52)
	at org.hibernate.event.internal.AbstractSaveEventListener.saveWithGeneratedId(AbstractSaveEventListener.java:117)
	at org.hibernate.jpa.event.internal.core.JpaMergeEventListener.saveWithGeneratedId(JpaMergeEventListener.java:73)
	at org.hibernate.event.internal.DefaultMergeEventListener.saveTransientEntity(DefaultMergeEventListener.java:271)
	at org.hibernate.event.internal.DefaultMergeEventListener.entityIsTransient(DefaultMergeEventListener.java:251)
	at org.hibernate.event.internal.DefaultMergeEventListener.onMerge(DefaultMergeEventListener.java:189)
	at org.hibernate.internal.SessionImpl.fireMerge(SessionImpl.java:886)
	at org.hibernate.internal.SessionImpl.merge(SessionImpl.java:868)
	at org.hibernate.engine.spi.CascadingActions$6.cascade(CascadingActions.java:277)
	at org.hibernate.engine.internal.Cascade.cascadeToOne(Cascade.java:350)
	at org.hibernate.engine.internal.Cascade.cascadeAssociation(Cascade.java:293)
	at org.hibernate.engine.internal.Cascade.cascadeProperty(Cascade.java:161)
	at org.hibernate.engine.internal.Cascade.cascadeCollectionElements(Cascade.java:379)
	at org.hibernate.engine.internal.Cascade.cascadeCollection(Cascade.java:319)
	at org.hibernate.engine.internal.Cascade.cascadeAssociation(Cascade.java:296)
	at org.hibernate.engine.internal.Cascade.cascadeProperty(Cascade.java:161)
	at org.hibernate.engine.internal.Cascade.cascade(Cascade.java:118)
	at org.hibernate.event.internal.DefaultMergeEventListener.cascadeOnMerge(DefaultMergeEventListener.java:474)
	at org.hibernate.event.internal.DefaultMergeEventListener.entityIsPersistent(DefaultMergeEventListener.java:218)
	at org.hibernate.event.internal.DefaultMergeEventListener.onMerge(DefaultMergeEventListener.java:192)
	at org.hibernate.event.internal.DefaultMergeEventListener.onMerge(DefaultMergeEventListener.java:85)
	at org.hibernate.internal.SessionImpl.fireMerge(SessionImpl.java:876)
	at org.hibernate.internal.SessionImpl.merge(SessionImpl.java:858)
	at org.hibernate.internal.SessionImpl.merge(SessionImpl.java:863)
	at org.hibernate.jpa.spi.AbstractEntityManagerImpl.merge(AbstractEntityManagerImpl.java:1196)
	at sun.reflect.NativeMethodAccessorImpl.invoke0(Native Method)
	at sun.reflect.NativeMethodAccessorImpl.invoke(NativeMethodAccessorImpl.java:62)
	at sun.reflect.DelegatingMethodAccessorImpl.invoke(DelegatingMethodAccessorImpl.java:43)
	at java.lang.reflect.Method.invoke(Method.java:498)
	at org.springframework.orm.jpa.SharedEntityManagerCreator$SharedEntityManagerInvocationHandler.invoke(SharedEntityManagerCreator.java:289)
	at com.sun.proxy.$Proxy28.merge(Unknown Source)
	at ie.flexx.jackanory.data.dao.UserStoryDataDaoImpl.updateUserStoryData(UserStoryDataDaoImpl.java:41)
	at ie.flexx.jackanory.data.dao.UserStoryDataDaoImpl$$FastClassBySpringCGLIB$$2fb579d9.invoke(<generated>)
	at org.springframework.cglib.proxy.MethodProxy.invoke(MethodProxy.java:204)
	at org.springframework.aop.framework.CglibAopProxy$CglibMethodInvocation.invokeJoinpoint(CglibAopProxy.java:708)
	at org.springframework.aop.framework.ReflectiveMethodInvocation.proceed(ReflectiveMethodInvocation.java:157)
	at org.springframework.transaction.interceptor.TransactionInterceptor$1.proceedWithInvocation(TransactionInterceptor.java:98)
	at org.springframework.transaction.interceptor.TransactionAspectSupport.invokeWithinTransaction(TransactionAspectSupport.java:262)
	at org.springframework.transaction.interceptor.TransactionInterceptor.invoke(TransactionInterceptor.java:95)
	at org.springframework.aop.framework.ReflectiveMethodInvocation.proceed(ReflectiveMethodInvocation.java:179)
	at org.springframework.aop.framework.CglibAopProxy$DynamicAdvisedInterceptor.intercept(CglibAopProxy.java:644)
	at ie.flexx.jackanory.data.dao.UserStoryDataDaoImpl$$EnhancerBySpringCGLIB$$929f3dfc.updateUserStoryData(<generated>)
	at ie.flexx.jackanory.domain.dao.UserStoryDaoImpl.updateUserStory(UserStoryDaoImpl.java:43)
	at ie.flexx.jackanory.domain.dao.UserStoryDaoImpl$$FastClassBySpringCGLIB$$5f09e9c9.invoke(<generated>)
	at org.springframework.cglib.proxy.MethodProxy.invoke(MethodProxy.java:204)
	at org.springframework.aop.framework.CglibAopProxy$CglibMethodInvocation.invokeJoinpoint(CglibAopProxy.java:708)
	at org.springframework.aop.framework.ReflectiveMethodInvocation.proceed(ReflectiveMethodInvocation.java:157)
	at org.springframework.transaction.interceptor.TransactionInterceptor$1.proceedWithInvocation(TransactionInterceptor.java:98)
	at org.springframework.transaction.interceptor.TransactionAspectSupport.invokeWithinTransaction(TransactionAspectSupport.java:262)
	at org.springframework.transaction.interceptor.TransactionInterceptor.invoke(TransactionInterceptor.java:95)
	at org.springframework.aop.framework.ReflectiveMethodInvocation.proceed(ReflectiveMethodInvocation.java:179)
	at org.springframework.aop.framework.CglibAopProxy$DynamicAdvisedInterceptor.intercept(CglibAopProxy.java:644)
	at ie.flexx.jackanory.domain.dao.UserStoryDaoImpl$$EnhancerBySpringCGLIB$$ba471fec.updateUserStory(<generated>)
	at ie.flexx.jackanory.manager.UserStoryManagerImpl.updateUserStory(UserStoryManagerImpl.java:59)
	at ie.flexx.jackanory.manager.UserStoryManagerImpl$$FastClassBySpringCGLIB$$1b53f5e9.invoke(<generated>)
	at org.springframework.cglib.proxy.MethodProxy.invoke(MethodProxy.java:204)
	at org.springframework.aop.framework.CglibAopProxy$CglibMethodInvocation.invokeJoinpoint(CglibAopProxy.java:708)
	at org.springframework.aop.framework.ReflectiveMethodInvocation.proceed(ReflectiveMethodInvocation.java:157)
	at org.springframework.transaction.interceptor.TransactionInterceptor$1.proceedWithInvocation(TransactionInterceptor.java:98)
	at org.springframework.transaction.interceptor.TransactionAspectSupport.invokeWithinTransaction(TransactionAspectSupport.java:262)
	at org.springframework.transaction.interceptor.TransactionInterceptor.invoke(TransactionInterceptor.java:95)
	at org.springframework.aop.framework.ReflectiveMethodInvocation.proceed(ReflectiveMethodInvocation.java:179)
	at org.springframework.aop.framework.CglibAopProxy$DynamicAdvisedInterceptor.intercept(CglibAopProxy.java:644)
	at ie.flexx.jackanory.manager.UserStoryManagerImpl$$EnhancerBySpringCGLIB$$8058c80c.updateUserStory(<generated>)
	at ie.flexx.jackanory.tests.UserStoryRequirementImplIntegrationTest.testCreateUserStoryRequirement(UserStoryRequirementImplIntegrationTest.java:73)
]]></error>
    <system-out><![CDATA[Hibernate: 
    insert 
    into
        user_story
        (user_story_id, assigned_date, category, complexity, description, name, notes, sponsor_email, start_date, sub_category, version, workflow_state) 
    values
        (null, ?, ?, ?, ?, ?, ?, ?, ?, ?, ?, ?)
]]></system-out>
    <system-err><![CDATA[Oct 23, 2018 9:17:39 PM org.springframework.beans.factory.xml.XmlBeanDefinitionReader loadBeanDefinitions
INFO: Loading XML bean definitions from class path resource [database-setup.xml]
Oct 23, 2018 9:17:39 PM org.springframework.beans.factory.xml.XmlBeanDefinitionReader loadBeanDefinitions
INFO: Loading XML bean definitions from file [/home/mavit/Documents/Teste e outros/Flexx/JavaDeveloper/jackanory/jackanory-spring/jackanory-spring-spring/target/classes/spring/jackanory/manager.xml]
Oct 23, 2018 9:17:39 PM org.springframework.beans.factory.xml.XmlBeanDefinitionReader loadBeanDefinitions
INFO: Loading XML bean definitions from file [/home/mavit/Documents/Teste e outros/Flexx/JavaDeveloper/jackanory/jackanory-spring/jackanory-spring-spring/target/classes/spring/jackanory/data.xml]
Oct 23, 2018 9:17:39 PM org.springframework.beans.factory.xml.XmlBeanDefinitionReader loadBeanDefinitions
INFO: Loading XML bean definitions from file [/home/mavit/Documents/Teste e outros/Flexx/JavaDeveloper/jackanory/jackanory-spring/jackanory-spring-spring/target/classes/spring/jackanory/domain.xml]
Oct 23, 2018 9:17:39 PM org.springframework.context.support.GenericApplicationContext prepareRefresh
INFO: Refreshing org.springframework.context.support.GenericApplicationContext@77d680e6: startup date [Tue Oct 23 21:17:39 IST 2018]; root of context hierarchy
Oct 23, 2018 9:17:39 PM org.springframework.jdbc.datasource.embedded.EmbeddedDatabaseFactory initDatabase
INFO: Creating embedded database 'dataSource'
Oct 23, 2018 9:17:39 PM org.springframework.orm.jpa.persistenceunit.PersistenceUnitReader determinePersistenceUnitRootUrl
INFO: persistence.xml should be located inside META-INF directory; cannot determine persistence unit root URL for class path resource [persistence.xml]
Oct 23, 2018 9:17:39 PM org.springframework.orm.jpa.LocalContainerEntityManagerFactoryBean createNativeEntityManagerFactory
INFO: Building JPA container EntityManagerFactory for persistence unit 'persistence-domain'
Oct 23, 2018 9:17:39 PM org.hibernate.jpa.internal.util.LogHelper logPersistenceUnitInformation
INFO: HHH000204: Processing PersistenceUnitInfo [
	name: persistence-domain
	...]
Oct 23, 2018 9:17:39 PM org.hibernate.dialect.Dialect <init>
INFO: HHH000400: Using dialect: org.hibernate.dialect.H2Dialect
Oct 23, 2018 9:17:39 PM org.hibernate.hql.internal.ast.ASTQueryTranslatorFactory <init>
INFO: HHH000397: Using ASTQueryTranslatorFactory
Oct 23, 2018 9:17:39 PM org.hibernate.tool.hbm2ddl.SchemaUpdate execute
INFO: HHH000228: Running hbm2ddl schema update
Oct 23, 2018 9:17:39 PM org.hibernate.tool.hbm2ddl.SchemaUpdate execute
INFO: HHH000102: Fetching database metadata
Oct 23, 2018 9:17:39 PM org.hibernate.tool.hbm2ddl.SchemaUpdate execute
INFO: HHH000396: Updating schema
Oct 23, 2018 9:17:39 PM org.hibernate.tool.hbm2ddl.DatabaseMetadata getTableMetadata
INFO: HHH000262: Table not found: user_story
Oct 23, 2018 9:17:39 PM org.hibernate.tool.hbm2ddl.DatabaseMetadata getTableMetadata
INFO: HHH000262: Table not found: user_story_requirement
Oct 23, 2018 9:17:39 PM org.hibernate.tool.hbm2ddl.DatabaseMetadata getTableMetadata
INFO: HHH000262: Table not found: user_story_research
Oct 23, 2018 9:17:39 PM org.hibernate.tool.hbm2ddl.DatabaseMetadata getTableMetadata
INFO: HHH000262: Table not found: user_story
Oct 23, 2018 9:17:39 PM org.hibernate.tool.hbm2ddl.DatabaseMetadata getTableMetadata
INFO: HHH000262: Table not found: user_story_requirement
Oct 23, 2018 9:17:39 PM org.hibernate.tool.hbm2ddl.DatabaseMetadata getTableMetadata
INFO: HHH000262: Table not found: user_story_research
Oct 23, 2018 9:17:39 PM org.hibernate.tool.hbm2ddl.DatabaseMetadata getTableMetadata
INFO: HHH000262: Table not found: user_story
Oct 23, 2018 9:17:39 PM org.hibernate.tool.hbm2ddl.DatabaseMetadata getTableMetadata
INFO: HHH000262: Table not found: user_story_requirement
Oct 23, 2018 9:17:39 PM org.hibernate.tool.hbm2ddl.DatabaseMetadata getTableMetadata
INFO: HHH000262: Table not found: user_story_research
Oct 23, 2018 9:17:39 PM org.hibernate.tool.hbm2ddl.SchemaUpdate execute
ERROR: HHH000388: Unsuccessful: alter table user_story_requirement add constraint FK_fexnf5u4a9isl8mnetis1yuw2 foreign key (user_story_id) references user_story_research
Oct 23, 2018 9:17:39 PM org.hibernate.tool.hbm2ddl.SchemaUpdate execute
ERROR: Constraint "FK_FEXNF5U4A9ISL8MNETIS1YUW2" already exists; SQL statement:

    alter table user_story_requirement 
        add constraint FK_fexnf5u4a9isl8mnetis1yuw2 
        foreign key (user_story_id) 
        references user_story_research [90045-183]
Oct 23, 2018 9:17:39 PM org.hibernate.tool.hbm2ddl.SchemaUpdate execute
INFO: HHH000232: Schema update complete
Oct 23, 2018 9:17:40 PM org.springframework.test.context.transaction.TransactionalTestExecutionListener startNewTransaction
INFO: Began transaction (6) for test context [DefaultTestContext@340b7ef6 testClass = UserStoryRequirementImplIntegrationTest, testInstance = ie.flexx.jackanory.tests.UserStoryRequirementImplIntegrationTest@12c60152, testMethod = testCreateUserStoryRequirement@UserStoryRequirementImplIntegrationTest, testException = [null], mergedContextConfiguration = [MergedContextConfiguration@6050462a testClass = UserStoryRequirementImplIntegrationTest, locations = '{classpath:database-setup.xml}', classes = '{}', contextInitializerClasses = '[]', activeProfiles = '{}', contextLoader = 'org.springframework.test.context.support.DelegatingSmartContextLoader', parent = [null]]]; transaction manager [org.springframework.orm.jpa.JpaTransactionManager@2e807c54]; rollback [true]
Oct 23, 2018 9:17:40 PM org.springframework.test.context.transaction.TransactionalTestExecutionListener endTransaction
INFO: Rolled back transaction after test execution for test context [DefaultTestContext@340b7ef6 testClass = UserStoryRequirementImplIntegrationTest, testInstance = ie.flexx.jackanory.tests.UserStoryRequirementImplIntegrationTest@12c60152, testMethod = testCreateUserStoryRequirement@UserStoryRequirementImplIntegrationTest, testException = javax.persistence.PersistenceException: org.hibernate.id.IdentifierGenerationException: ids for this class must be manually assigned before calling save(): ie.flexx.jackanory.data.UserStoryRequirementData, mergedContextConfiguration = [MergedContextConfiguration@6050462a testClass = UserStoryRequirementImplIntegrationTest, locations = '{classpath:database-setup.xml}', classes = '{}', contextInitializerClasses = '[]', activeProfiles = '{}', contextLoader = 'org.springframework.test.context.support.DelegatingSmartContextLoader', parent = [null]]]
Oct 23, 2018 9:17:40 PM org.springframework.context.support.GenericApplicationContext doClose
INFO: Closing org.springframework.context.support.GenericApplicationContext@77d680e6: startup date [Tue Oct 23 21:17:39 IST 2018]; root of context hierarchy
Oct 23, 2018 9:17:40 PM org.springframework.orm.jpa.LocalContainerEntityManagerFactoryBean destroy
INFO: Closing JPA EntityManagerFactory for persistence unit 'persistence-domain'
]]></system-err>
  </testcase>
</testsuite>